************************************************************
*** checking if a hello world program can be built ... 
*** test program is
#include <stdio.h>

int main(int argc, char *argv[])
{
	puts("hello world");
	return 0;
}
*** results are
make[1]: Entering directory '/tmp/abf/rpmbuild/BUILD/mailx-12.4'
cc   -DMAILRC='"/etc/nail.rc"' -DMAILSPOOL='"/var/mail"' -DSENDMAIL='"/usr/lib/sendmail"'    \
	-Os -fomit-frame-pointer -g1 -Wstrict-aliasing=2 -pipe -Wformat -Werror=format-security -D_FORTIFY_SOURCE=2 -fstack-protector-all --param=ssp-buffer-size=4 -m64 -mtune=generic -flto -Wl,-O2  -Wl,--no-undefined -flto  ___build5302.c `grep '^[^#]' LIBS`  -o ___build5302
make[1]: Leaving directory '/tmp/abf/rpmbuild/BUILD/mailx-12.4'
*** okay

************************************************************
*** checking for <alloca.h> ... 
*** test program is
#include <alloca.h>
*** results are
make[1]: Entering directory '/tmp/abf/rpmbuild/BUILD/mailx-12.4'
cc   -DMAILRC='"/etc/nail.rc"' -DMAILSPOOL='"/var/mail"' -DSENDMAIL='"/usr/lib/sendmail"'    -c ___build5302.c
make[1]: Leaving directory '/tmp/abf/rpmbuild/BUILD/mailx-12.4'
*** okay

************************************************************
*** checking for alloca() ... 
*** test program is
#include "rcv.h"
int main(void)
{
	alloca(1);
	return 0;
}
*** results are
make[1]: Entering directory '/tmp/abf/rpmbuild/BUILD/mailx-12.4'
cc   -DMAILRC='"/etc/nail.rc"' -DMAILSPOOL='"/var/mail"' -DSENDMAIL='"/usr/lib/sendmail"'    \
	-Os -fomit-frame-pointer -g1 -Wstrict-aliasing=2 -pipe -Wformat -Werror=format-security -D_FORTIFY_SOURCE=2 -fstack-protector-all --param=ssp-buffer-size=4 -m64 -mtune=generic -flto -Wl,-O2  -Wl,--no-undefined -flto  ___build5302.c `grep '^[^#]' LIBS`  -o ___build5302
make[1]: Leaving directory '/tmp/abf/rpmbuild/BUILD/mailx-12.4'
*** okay

************************************************************
*** checking for ssize_t ... 
*** test program is
#include <sys/types.h>
#include <unistd.h>
int main(void)
{
	ssize_t	i = 3;
	write(1, "foo", i);
	return 0;
}
*** results are
make[1]: Entering directory '/tmp/abf/rpmbuild/BUILD/mailx-12.4'
cc   -DMAILRC='"/etc/nail.rc"' -DMAILSPOOL='"/var/mail"' -DSENDMAIL='"/usr/lib/sendmail"'    -c ___build5302.c
make[1]: Leaving directory '/tmp/abf/rpmbuild/BUILD/mailx-12.4'
*** okay

************************************************************
*** checking for snprintf() ... 
*** test program is
#include <stdio.h>
int main(void)
{
	char	b[20];
	snprintf(b, sizeof b, "%s", "string");
	return 0;
}
*** results are
make[1]: Entering directory '/tmp/abf/rpmbuild/BUILD/mailx-12.4'
cc   -DMAILRC='"/etc/nail.rc"' -DMAILSPOOL='"/var/mail"' -DSENDMAIL='"/usr/lib/sendmail"'    \
	-Os -fomit-frame-pointer -g1 -Wstrict-aliasing=2 -pipe -Wformat -Werror=format-security -D_FORTIFY_SOURCE=2 -fstack-protector-all --param=ssp-buffer-size=4 -m64 -mtune=generic -flto -Wl,-O2  -Wl,--no-undefined -flto  ___build5302.c `grep '^[^#]' LIBS`  -o ___build5302
make[1]: Leaving directory '/tmp/abf/rpmbuild/BUILD/mailx-12.4'
*** okay

************************************************************
*** checking for fchdir() ... 
*** test program is
#include <unistd.h>
int main(void)
{
	fchdir(0);
	return 0;
}
*** results are
make[1]: Entering directory '/tmp/abf/rpmbuild/BUILD/mailx-12.4'
cc   -DMAILRC='"/etc/nail.rc"' -DMAILSPOOL='"/var/mail"' -DSENDMAIL='"/usr/lib/sendmail"'    \
	-Os -fomit-frame-pointer -g1 -Wstrict-aliasing=2 -pipe -Wformat -Werror=format-security -D_FORTIFY_SOURCE=2 -fstack-protector-all --param=ssp-buffer-size=4 -m64 -mtune=generic -flto -Wl,-O2  -Wl,--no-undefined -flto  ___build5302.c `grep '^[^#]' LIBS`  -o ___build5302
___build5302.c:4:2: warning: ignoring return value of function declared with 'warn_unused_result' attribute [-Wunused-result]
        fchdir(0);
        ^~~~~~ ~
1 warning generated.
make[1]: Leaving directory '/tmp/abf/rpmbuild/BUILD/mailx-12.4'
*** okay

************************************************************
*** checking for mmap() ... 
*** test program is
#include <sys/types.h>
#include <sys/mman.h>
int main(void)
{
	mmap(0, 0, 0, 0, 0, 0);
	return 0;
}
*** results are
make[1]: Entering directory '/tmp/abf/rpmbuild/BUILD/mailx-12.4'
cc   -DMAILRC='"/etc/nail.rc"' -DMAILSPOOL='"/var/mail"' -DSENDMAIL='"/usr/lib/sendmail"'    \
	-Os -fomit-frame-pointer -g1 -Wstrict-aliasing=2 -pipe -Wformat -Werror=format-security -D_FORTIFY_SOURCE=2 -fstack-protector-all --param=ssp-buffer-size=4 -m64 -mtune=generic -flto -Wl,-O2  -Wl,--no-undefined -flto  ___build5302.c `grep '^[^#]' LIBS`  -o ___build5302
make[1]: Leaving directory '/tmp/abf/rpmbuild/BUILD/mailx-12.4'
*** okay

************************************************************
*** checking for mremap() ... 
*** test program is
#include <sys/types.h>
#include <sys/mman.h>
int main(void)
{
	mremap(0, 0, 0, MREMAP_MAYMOVE);
	return 0;
}
*** results are
make[1]: Entering directory '/tmp/abf/rpmbuild/BUILD/mailx-12.4'
cc   -DMAILRC='"/etc/nail.rc"' -DMAILSPOOL='"/var/mail"' -DSENDMAIL='"/usr/lib/sendmail"'    \
	-Os -fomit-frame-pointer -g1 -Wstrict-aliasing=2 -pipe -Wformat -Werror=format-security -D_FORTIFY_SOURCE=2 -fstack-protector-all --param=ssp-buffer-size=4 -m64 -mtune=generic -flto -Wl,-O2  -Wl,--no-undefined -flto  ___build5302.c `grep '^[^#]' LIBS`  -o ___build5302
___build5302.c:5:2: warning: implicit declaration of function 'mremap' is invalid in C99 [-Wimplicit-function-declaration]
        mremap(0, 0, 0, MREMAP_MAYMOVE);
        ^
___build5302.c:5:18: error: use of undeclared identifier 'MREMAP_MAYMOVE'
        mremap(0, 0, 0, MREMAP_MAYMOVE);
                        ^
1 warning and 1 error generated.
make[1]: *** [Makefile:86: ___build5302] Error 1
make[1]: Leaving directory '/tmp/abf/rpmbuild/BUILD/mailx-12.4'
*** no

************************************************************
*** checking for iconv functionality ... 
*** test program is
#include <iconv.h>
int main(void)
{
	iconv_t	id;

	id = iconv_open("foo", "bar");
	return 0;
}
*** results are
make[1]: Entering directory '/tmp/abf/rpmbuild/BUILD/mailx-12.4'
cc   -DMAILRC='"/etc/nail.rc"' -DMAILSPOOL='"/var/mail"' -DSENDMAIL='"/usr/lib/sendmail"'    \
	-Os -fomit-frame-pointer -g1 -Wstrict-aliasing=2 -pipe -Wformat -Werror=format-security -D_FORTIFY_SOURCE=2 -fstack-protector-all --param=ssp-buffer-size=4 -m64 -mtune=generic -flto -Wl,-O2  -Wl,--no-undefined -flto  ___build5302.c `grep '^[^#]' LIBS`  -o ___build5302
make[1]: Leaving directory '/tmp/abf/rpmbuild/BUILD/mailx-12.4'
*** okay

************************************************************
*** checking for wctype functionality ... 
*** test program is
#include <wctype.h>
int main(void)
{
	iswprint(L'c');
	towupper(L'c');
	return 0;
}
*** results are
make[1]: Entering directory '/tmp/abf/rpmbuild/BUILD/mailx-12.4'
cc   -DMAILRC='"/etc/nail.rc"' -DMAILSPOOL='"/var/mail"' -DSENDMAIL='"/usr/lib/sendmail"'    \
	-Os -fomit-frame-pointer -g1 -Wstrict-aliasing=2 -pipe -Wformat -Werror=format-security -D_FORTIFY_SOURCE=2 -fstack-protector-all --param=ssp-buffer-size=4 -m64 -mtune=generic -flto -Wl,-O2  -Wl,--no-undefined -flto  ___build5302.c `grep '^[^#]' LIBS`  -o ___build5302
make[1]: Leaving directory '/tmp/abf/rpmbuild/BUILD/mailx-12.4'
*** okay

************************************************************
*** checking for wcwidth()  ... 
*** test program is
#include <wchar.h>
int main(void)
{
	wcwidth(L'c');
	return 0;
}
*** results are
make[1]: Entering directory '/tmp/abf/rpmbuild/BUILD/mailx-12.4'
cc   -DMAILRC='"/etc/nail.rc"' -DMAILSPOOL='"/var/mail"' -DSENDMAIL='"/usr/lib/sendmail"'    \
	-Os -fomit-frame-pointer -g1 -Wstrict-aliasing=2 -pipe -Wformat -Werror=format-security -D_FORTIFY_SOURCE=2 -fstack-protector-all --param=ssp-buffer-size=4 -m64 -mtune=generic -flto -Wl,-O2  -Wl,--no-undefined -flto  ___build5302.c `grep '^[^#]' LIBS`  -o ___build5302
___build5302.c:4:2: warning: implicit declaration of function 'wcwidth' is invalid in C99 [-Wimplicit-function-declaration]
        wcwidth(L'c');
        ^
1 warning generated.
make[1]: Leaving directory '/tmp/abf/rpmbuild/BUILD/mailx-12.4'
*** okay

************************************************************
*** checking for mbtowc() ... 
*** test program is
#include <stdlib.h>
int main(void)
{
	wchar_t	wc;
	mbtowc(&wc, "x", 1);
	return 0;
}
*** results are
make[1]: Entering directory '/tmp/abf/rpmbuild/BUILD/mailx-12.4'
cc   -DMAILRC='"/etc/nail.rc"' -DMAILSPOOL='"/var/mail"' -DSENDMAIL='"/usr/lib/sendmail"'    \
	-Os -fomit-frame-pointer -g1 -Wstrict-aliasing=2 -pipe -Wformat -Werror=format-security -D_FORTIFY_SOURCE=2 -fstack-protector-all --param=ssp-buffer-size=4 -m64 -mtune=generic -flto -Wl,-O2  -Wl,--no-undefined -flto  ___build5302.c `grep '^[^#]' LIBS`  -o ___build5302
make[1]: Leaving directory '/tmp/abf/rpmbuild/BUILD/mailx-12.4'
*** okay

************************************************************
*** checking for setlocale() ... 
*** test program is
#include <locale.h>
int main(void)
{
	setlocale(LC_ALL, "");
	return 0;
}
*** results are
make[1]: Entering directory '/tmp/abf/rpmbuild/BUILD/mailx-12.4'
cc   -DMAILRC='"/etc/nail.rc"' -DMAILSPOOL='"/var/mail"' -DSENDMAIL='"/usr/lib/sendmail"'    \
	-Os -fomit-frame-pointer -g1 -Wstrict-aliasing=2 -pipe -Wformat -Werror=format-security -D_FORTIFY_SOURCE=2 -fstack-protector-all --param=ssp-buffer-size=4 -m64 -mtune=generic -flto -Wl,-O2  -Wl,--no-undefined -flto  ___build5302.c `grep '^[^#]' LIBS`  -o ___build5302
make[1]: Leaving directory '/tmp/abf/rpmbuild/BUILD/mailx-12.4'
*** okay

************************************************************
*** checking for nl_langinfo() ... 
*** test program is
#include <langinfo.h>
int main(void)
{
	nl_langinfo(DAY_1);
	return 0;
}
*** results are
make[1]: Entering directory '/tmp/abf/rpmbuild/BUILD/mailx-12.4'
cc   -DMAILRC='"/etc/nail.rc"' -DMAILSPOOL='"/var/mail"' -DSENDMAIL='"/usr/lib/sendmail"'    \
	-Os -fomit-frame-pointer -g1 -Wstrict-aliasing=2 -pipe -Wformat -Werror=format-security -D_FORTIFY_SOURCE=2 -fstack-protector-all --param=ssp-buffer-size=4 -m64 -mtune=generic -flto -Wl,-O2  -Wl,--no-undefined -flto  ___build5302.c `grep '^[^#]' LIBS`  -o ___build5302
make[1]: Leaving directory '/tmp/abf/rpmbuild/BUILD/mailx-12.4'
*** okay

************************************************************
*** checking for mkstemp() ... 
*** test program is
#include <stdlib.h>
int main(void)
{
	mkstemp("x");
	return 0;
}
*** results are
make[1]: Entering directory '/tmp/abf/rpmbuild/BUILD/mailx-12.4'
cc   -DMAILRC='"/etc/nail.rc"' -DMAILSPOOL='"/var/mail"' -DSENDMAIL='"/usr/lib/sendmail"'    \
	-Os -fomit-frame-pointer -g1 -Wstrict-aliasing=2 -pipe -Wformat -Werror=format-security -D_FORTIFY_SOURCE=2 -fstack-protector-all --param=ssp-buffer-size=4 -m64 -mtune=generic -flto -Wl,-O2  -Wl,--no-undefined -flto  ___build5302.c `grep '^[^#]' LIBS`  -o ___build5302
___build5302.c:4:2: warning: ignoring return value of function declared with 'warn_unused_result' attribute [-Wunused-result]
        mkstemp("x");
        ^~~~~~~ ~~~
1 warning generated.
make[1]: Leaving directory '/tmp/abf/rpmbuild/BUILD/mailx-12.4'
*** okay

************************************************************
*** checking for fpathconf() ... 
*** test program is
#include <unistd.h>
int main(void)
{
	fpathconf(0, _PC_PATH_MAX);
	return 0;
}
*** results are
make[1]: Entering directory '/tmp/abf/rpmbuild/BUILD/mailx-12.4'
cc   -DMAILRC='"/etc/nail.rc"' -DMAILSPOOL='"/var/mail"' -DSENDMAIL='"/usr/lib/sendmail"'    \
	-Os -fomit-frame-pointer -g1 -Wstrict-aliasing=2 -pipe -Wformat -Werror=format-security -D_FORTIFY_SOURCE=2 -fstack-protector-all --param=ssp-buffer-size=4 -m64 -mtune=generic -flto -Wl,-O2  -Wl,--no-undefined -flto  ___build5302.c `grep '^[^#]' LIBS`  -o ___build5302
make[1]: Leaving directory '/tmp/abf/rpmbuild/BUILD/mailx-12.4'
*** okay

************************************************************
*** checking for wordexp() ... 
*** test program is
#include <wordexp.h>
int main(void)
{
	wordexp((char *)0, (wordexp_t *)0, 0);
	return 0;
}
*** results are
make[1]: Entering directory '/tmp/abf/rpmbuild/BUILD/mailx-12.4'
cc   -DMAILRC='"/etc/nail.rc"' -DMAILSPOOL='"/var/mail"' -DSENDMAIL='"/usr/lib/sendmail"'    \
	-Os -fomit-frame-pointer -g1 -Wstrict-aliasing=2 -pipe -Wformat -Werror=format-security -D_FORTIFY_SOURCE=2 -fstack-protector-all --param=ssp-buffer-size=4 -m64 -mtune=generic -flto -Wl,-O2  -Wl,--no-undefined -flto  ___build5302.c `grep '^[^#]' LIBS`  -o ___build5302
make[1]: Leaving directory '/tmp/abf/rpmbuild/BUILD/mailx-12.4'
*** okay

************************************************************
*** checking for <arpa/inet.h> ... 
*** test program is
#include "config.h"
#include <sys/types.h>
#include <sys/socket.h>
#include <netdb.h>
#include <netinet/in.h>
#include <arpa/inet.h>
*** results are
make[1]: Entering directory '/tmp/abf/rpmbuild/BUILD/mailx-12.4'
cc   -DMAILRC='"/etc/nail.rc"' -DMAILSPOOL='"/var/mail"' -DSENDMAIL='"/usr/lib/sendmail"'    -c ___build5302.c
make[1]: Leaving directory '/tmp/abf/rpmbuild/BUILD/mailx-12.4'
*** okay

************************************************************
*** checking for socket functionality in libc ... 
*** test program is
#include "config.h"
#include <sys/types.h>
#include <sys/socket.h>
#include <netdb.h>
#include <netinet/in.h>
#ifdef	HAVE_ARPA_INET_H
#include <arpa/inet.h>
#endif	/* HAVE_ARPA_INET_H */

int main(void)
{
	struct sockaddr	s;
	socket(AF_INET, SOCK_STREAM, 0);
	connect(0, &s, 0);
	gethostbyname("foo");
	return 0;
}
*** results are
make[1]: Entering directory '/tmp/abf/rpmbuild/BUILD/mailx-12.4'
cc   -DMAILRC='"/etc/nail.rc"' -DMAILSPOOL='"/var/mail"' -DSENDMAIL='"/usr/lib/sendmail"'    \
	-Os -fomit-frame-pointer -g1 -Wstrict-aliasing=2 -pipe -Wformat -Werror=format-security -D_FORTIFY_SOURCE=2 -fstack-protector-all --param=ssp-buffer-size=4 -m64 -mtune=generic -flto -Wl,-O2  -Wl,--no-undefined -flto  ___build5302.c `grep '^[^#]' LIBS`  -o ___build5302
make[1]: Leaving directory '/tmp/abf/rpmbuild/BUILD/mailx-12.4'
*** okay

************************************************************
*** checking for Network Security Services (NSS) ... 
*** test program is
#include <nss.h>
#include <ssl.h>
#include <prinit.h>
#include <prmem.h>
#include <pk11func.h>
#include <prtypes.h>
#include <prerror.h>
#include <secerr.h>
#include <smime.h>
#include <ciferfam.h>
#include <private/pprio.h>

int main(void)
{
	PR_ImportTCPSocket(0);
	NSS_CMSSignerInfo_AddSMIMECaps(0);
	return 0;
}
*** results are
make[1]: Entering directory '/tmp/abf/rpmbuild/BUILD/mailx-12.4'
cc   -DMAILRC='"/etc/nail.rc"' -DMAILSPOOL='"/var/mail"' -DSENDMAIL='"/usr/lib/sendmail"'    \
	-Os -fomit-frame-pointer -g1 -Wstrict-aliasing=2 -pipe -Wformat -Werror=format-security -D_FORTIFY_SOURCE=2 -fstack-protector-all --param=ssp-buffer-size=4 -m64 -mtune=generic -flto -Wl,-O2  -Wl,--no-undefined -flto  ___build5302.c `grep '^[^#]' LIBS` -lsmime3 -lnss3 -lssl3 -lnspr4 -lplc4 -o ___build5302
___build5302.c:2:10: fatal error: 'ssl.h' file not found
#include <ssl.h>
         ^~~~~~~
1 error generated.
make[1]: *** [Makefile:86: ___build5302] Error 1
make[1]: Leaving directory '/tmp/abf/rpmbuild/BUILD/mailx-12.4'
*** no

************************************************************
*** checking for sufficiently recent OpenSSL ... 
*** test program is
#include <openssl/ssl.h>
#include <openssl/err.h>
#include <openssl/x509v3.h>
#include <openssl/x509.h>
#include <openssl/rand.h>

int main(void)
{
	SSLv23_client_method();
	PEM_read_PrivateKey(0, 0, 0, 0);
	return 0;
}
*** results are
make[1]: Entering directory '/tmp/abf/rpmbuild/BUILD/mailx-12.4'
cc   -DMAILRC='"/etc/nail.rc"' -DMAILSPOOL='"/var/mail"' -DSENDMAIL='"/usr/lib/sendmail"'    \
	-Os -fomit-frame-pointer -g1 -Wstrict-aliasing=2 -pipe -Wformat -Werror=format-security -D_FORTIFY_SOURCE=2 -fstack-protector-all --param=ssp-buffer-size=4 -m64 -mtune=generic -flto -Wl,-O2  -Wl,--no-undefined -flto  ___build5302.c `grep '^[^#]' LIBS` -lssl -lcrypto -o ___build5302
make[1]: Leaving directory '/tmp/abf/rpmbuild/BUILD/mailx-12.4'
*** okay

************************************************************
*** checking for STACK_OF() ... 
*** test program is
#include <openssl/ssl.h>
#include <openssl/err.h>
#include <openssl/x509v3.h>
#include <openssl/x509.h>
#include <openssl/rand.h>

int main(void)
{
	STACK_OF(GENERAL_NAME)	*gens = NULL;
	printf("%p", gens);	/* to make it used */
	SSLv23_client_method();
	PEM_read_PrivateKey(0, 0, 0, 0);
	return 0;
}
*** results are
make[1]: Entering directory '/tmp/abf/rpmbuild/BUILD/mailx-12.4'
cc   -DMAILRC='"/etc/nail.rc"' -DMAILSPOOL='"/var/mail"' -DSENDMAIL='"/usr/lib/sendmail"'    -c ___build5302.c
make[1]: Leaving directory '/tmp/abf/rpmbuild/BUILD/mailx-12.4'
*** okay

************************************************************
*** checking for GSSAPI in libgss ... 
*** test program is
#include <gssapi/gssapi.h>

int main(void)
{
	gss_import_name(0, 0, GSS_C_NT_HOSTBASED_SERVICE, 0);
	gss_init_sec_context(0,0,0,0,0,0,0,0,0,0,0,0,0);
	return 0;
}
*** results are
make[1]: Entering directory '/tmp/abf/rpmbuild/BUILD/mailx-12.4'
cc   -DMAILRC='"/etc/nail.rc"' -DMAILSPOOL='"/var/mail"' -DSENDMAIL='"/usr/lib/sendmail"'    \
	-Os -fomit-frame-pointer -g1 -Wstrict-aliasing=2 -pipe -Wformat -Werror=format-security -D_FORTIFY_SOURCE=2 -fstack-protector-all --param=ssp-buffer-size=4 -m64 -mtune=generic -flto -Wl,-O2  -Wl,--no-undefined -flto  ___build5302.c `grep '^[^#]' LIBS` -lgss -o ___build5302
___build5302.c:1:10: fatal error: 'gssapi/gssapi.h' file not found
#include <gssapi/gssapi.h>
         ^~~~~~~~~~~~~~~~~
1 error generated.
make[1]: *** [Makefile:86: ___build5302] Error 1
make[1]: Leaving directory '/tmp/abf/rpmbuild/BUILD/mailx-12.4'
*** no

************************************************************
*** checking for GSSAPI in libgssapi_krb5 ... 
*** test program is
#include <gssapi/gssapi.h>

int main(void)
{
	gss_import_name(0, 0, GSS_C_NT_HOSTBASED_SERVICE, 0);
	gss_init_sec_context(0,0,0,0,0,0,0,0,0,0,0,0,0);
	return 0;
}
*** results are
make[1]: Entering directory '/tmp/abf/rpmbuild/BUILD/mailx-12.4'
cc   -DMAILRC='"/etc/nail.rc"' -DMAILSPOOL='"/var/mail"' -DSENDMAIL='"/usr/lib/sendmail"'    \
	-Os -fomit-frame-pointer -g1 -Wstrict-aliasing=2 -pipe -Wformat -Werror=format-security -D_FORTIFY_SOURCE=2 -fstack-protector-all --param=ssp-buffer-size=4 -m64 -mtune=generic -flto -Wl,-O2  -Wl,--no-undefined -flto  ___build5302.c `grep '^[^#]' LIBS` -lgssapi_krb5 -o ___build5302
___build5302.c:1:10: fatal error: 'gssapi/gssapi.h' file not found
#include <gssapi/gssapi.h>
         ^~~~~~~~~~~~~~~~~
1 error generated.
make[1]: *** [Makefile:86: ___build5302] Error 1
make[1]: Leaving directory '/tmp/abf/rpmbuild/BUILD/mailx-12.4'
*** no

************************************************************
*** checking for GSSAPI in libgssapi_krb5, old-style ... 
*** test program is
#include <gssapi/gssapi.h>
#include <gssapi/gssapi_generic.h>

int main(void)
{
	gss_import_name(0, 0, gss_nt_service_name, 0);
	gss_init_sec_context(0,0,0,0,0,0,0,0,0,0,0,0,0);
	return 0;
}
*** results are
make[1]: Entering directory '/tmp/abf/rpmbuild/BUILD/mailx-12.4'
cc   -DMAILRC='"/etc/nail.rc"' -DMAILSPOOL='"/var/mail"' -DSENDMAIL='"/usr/lib/sendmail"'    \
	-Os -fomit-frame-pointer -g1 -Wstrict-aliasing=2 -pipe -Wformat -Werror=format-security -D_FORTIFY_SOURCE=2 -fstack-protector-all --param=ssp-buffer-size=4 -m64 -mtune=generic -flto -Wl,-O2  -Wl,--no-undefined -flto  ___build5302.c `grep '^[^#]' LIBS` -lgssapi_krb5 -o ___build5302
___build5302.c:1:10: fatal error: 'gssapi/gssapi.h' file not found
#include <gssapi/gssapi.h>
         ^~~~~~~~~~~~~~~~~
1 error generated.
make[1]: *** [Makefile:86: ___build5302] Error 1
make[1]: Leaving directory '/tmp/abf/rpmbuild/BUILD/mailx-12.4'
*** no

************************************************************
*** checking for GSSAPI in libgssapi ... 
*** test program is
#include <gssapi.h>

int main(void)
{
	gss_import_name(0, 0, GSS_C_NT_HOSTBASED_SERVICE, 0);
	gss_init_sec_context(0,0,0,0,0,0,0,0,0,0,0,0,0);
	return 0;
}
*** results are
make[1]: Entering directory '/tmp/abf/rpmbuild/BUILD/mailx-12.4'
cc   -DMAILRC='"/etc/nail.rc"' -DMAILSPOOL='"/var/mail"' -DSENDMAIL='"/usr/lib/sendmail"'    \
	-Os -fomit-frame-pointer -g1 -Wstrict-aliasing=2 -pipe -Wformat -Werror=format-security -D_FORTIFY_SOURCE=2 -fstack-protector-all --param=ssp-buffer-size=4 -m64 -mtune=generic -flto -Wl,-O2  -Wl,--no-undefined -flto  ___build5302.c `grep '^[^#]' LIBS` -lgssapi -o ___build5302
___build5302.c:1:10: fatal error: 'gssapi.h' file not found
#include <gssapi.h>
         ^~~~~~~~~~
1 error generated.
make[1]: *** [Makefile:86: ___build5302] Error 1
make[1]: Leaving directory '/tmp/abf/rpmbuild/BUILD/mailx-12.4'
*** no

